Compiling the CUDA compiler identification source file "CMakeCUDACompilerId.cu" failed.
Compiler: /usr/local/cuda-11.5/nvcc 
Build flags: 
Id flags:  -v;--keep;--keep-dir;tmp

The output was:
No such file or directory


Compiling the CUDA compiler identification source file "CMakeCUDACompilerId.cu" failed.
Compiler: /usr/local/cuda-11.5/nvcc 
Build flags: 
Id flags:  -v;--keep;--keep-dir;tmp

The output was:
No such file or directory


Compiling the CUDA compiler identification source file "CMakeCUDACompilerId.cu" failed.
Compiler: /usr/local/cuda-11.1/nvcc 
Build flags: 
Id flags:  -v;--keep;--keep-dir;tmp

The output was:
No such file or directory


Compiling the CUDA compiler identification source file "CMakeCUDACompilerId.cu" failed.
Compiler: /usr/local/cuda-11.1/nvcc 
Build flags: 
Id flags:  -v;--keep;--keep-dir;tmp

The output was:
No such file or directory


Compiling the CUDA compiler identification source file "CMakeCUDACompilerId.cu" failed.
Compiler: /usr/local/cuda-11.1/nvcc 
Build flags: 
Id flags:  -v;--keep;--keep-dir;tmp

The output was:
No such file or directory


Compiling the CUDA compiler identification source file "CMakeCUDACompilerId.cu" failed.
Compiler: /usr/local/cuda-11.1/nvcc 
Build flags: 
Id flags:  -v;--keep;--keep-dir;tmp

The output was:
No such file or directory


Compiling the CUDA compiler identification source file "CMakeCUDACompilerId.cu" failed.
Compiler: /usr/local/cuda-11.5/bin/nvcc 
Build flags: 
Id flags:  -v;--keep;--keep-dir;tmp

The output was:
No such file or directory


Compiling the CUDA compiler identification source file "CMakeCUDACompilerId.cu" failed.
Compiler: /usr/local/cuda-11.5/bin/nvcc 
Build flags: 
Id flags:  -v;--keep;--keep-dir;tmp

The output was:
No such file or directory


